<?xml version="1.0" encoding="UTF-8"?>
<testsuite xmlns:xsi="http://www.w3.org/2001/XMLSchema-instance" xsi:noNamespaceSchemaLocation="https://maven.apache.org/surefire/maven-surefire-plugin/xsd/surefire-test-report-3.0.xsd" version="3.0" name="org.csystem.SampleTest" time="0.003" tests="1" errors="0" skipped="0" failures="0">
  <properties>
    <property name="java.specification.version" value="23"/>
    <property name="sun.jnu.encoding" value="UTF-8"/>
    <property name="java.class.path" value="/Users/oguzkaran/Documents/GitHub/Android-Aug-2024/src/Libraries/Kotlin-Java/KTestDataProcessingLib/target/test-classes:/Users/oguzkaran/Documents/GitHub/Android-Aug-2024/src/Libraries/Kotlin-Java/KTestDataProcessingLib/target/classes:/Users/oguzkaran/.m2/repository/org/projectlombok/lombok/1.18.34/lombok-1.18.34.jar:/Users/oguzkaran/.m2/repository/org/jetbrains/kotlin/kotlin-stdlib-jdk8/2.0.20/kotlin-stdlib-jdk8-2.0.20.jar:/Users/oguzkaran/.m2/repository/org/jetbrains/kotlin/kotlin-stdlib/2.0.20/kotlin-stdlib-2.0.20.jar:/Users/oguzkaran/.m2/repository/org/jetbrains/annotations/13.0/annotations-13.0.jar:/Users/oguzkaran/.m2/repository/org/jetbrains/kotlin/kotlin-stdlib-jdk7/2.0.20/kotlin-stdlib-jdk7-2.0.20.jar:/Users/oguzkaran/.m2/repository/org/jetbrains/kotlin/kotlin-test/2.0.20/kotlin-test-2.0.20.jar:"/>
    <property name="java.vm.vendor" value="Homebrew"/>
    <property name="sun.arch.data.model" value="64"/>
    <property name="java.vendor.url" value="https://github.com/Homebrew/homebrew-core/issues"/>
    <property name="os.name" value="Mac OS X"/>
    <property name="java.vm.specification.version" value="23"/>
    <property name="sun.java.launcher" value="SUN_STANDARD"/>
    <property name="user.country" value="TR"/>
    <property name="sun.boot.library.path" value="/opt/homebrew/Cellar/openjdk/23.0.1/libexec/openjdk.jdk/Contents/Home/lib"/>
    <property name="sun.java.command" value="/Users/oguzkaran/Documents/GitHub/Android-Aug-2024/src/Libraries/Kotlin-Java/KTestDataProcessingLib/target/surefire/surefirebooter-20250104112343016_3.jar /Users/oguzkaran/Documents/GitHub/Android-Aug-2024/src/Libraries/Kotlin-Java/KTestDataProcessingLib/target/surefire 2025-01-04T11-23-42_980-jvmRun1 surefire-20250104112343016_1tmp surefire_0-20250104112343016_2tmp"/>
    <property name="http.nonProxyHosts" value="local|*.local|169.254/16|*.169.254/16"/>
    <property name="jdk.debug" value="release"/>
    <property name="surefire.test.class.path" value="/Users/oguzkaran/Documents/GitHub/Android-Aug-2024/src/Libraries/Kotlin-Java/KTestDataProcessingLib/target/test-classes:/Users/oguzkaran/Documents/GitHub/Android-Aug-2024/src/Libraries/Kotlin-Java/KTestDataProcessingLib/target/classes:/Users/oguzkaran/.m2/repository/org/projectlombok/lombok/1.18.34/lombok-1.18.34.jar:/Users/oguzkaran/.m2/repository/org/jetbrains/kotlin/kotlin-stdlib-jdk8/2.0.20/kotlin-stdlib-jdk8-2.0.20.jar:/Users/oguzkaran/.m2/repository/org/jetbrains/kotlin/kotlin-stdlib/2.0.20/kotlin-stdlib-2.0.20.jar:/Users/oguzkaran/.m2/repository/org/jetbrains/annotations/13.0/annotations-13.0.jar:/Users/oguzkaran/.m2/repository/org/jetbrains/kotlin/kotlin-stdlib-jdk7/2.0.20/kotlin-stdlib-jdk7-2.0.20.jar:/Users/oguzkaran/.m2/repository/org/jetbrains/kotlin/kotlin-test/2.0.20/kotlin-test-2.0.20.jar:"/>
    <property name="sun.cpu.endian" value="little"/>
    <property name="user.home" value="/Users/oguzkaran"/>
    <property name="user.language" value="en"/>
    <property name="java.specification.vendor" value="Oracle Corporation"/>
    <property name="java.version.date" value="2024-10-15"/>
    <property name="java.home" value="/opt/homebrew/Cellar/openjdk/23.0.1/libexec/openjdk.jdk/Contents/Home"/>
    <property name="file.separator" value="/"/>
    <property name="basedir" value="/Users/oguzkaran/Documents/GitHub/Android-Aug-2024/src/Libraries/Kotlin-Java/KTestDataProcessingLib"/>
    <property name="java.vm.compressedOopsMode" value="Zero based"/>
    <property name="line.separator" value="&#10;"/>
    <property name="java.vm.specification.vendor" value="Oracle Corporation"/>
    <property name="java.specification.name" value="Java Platform API Specification"/>
    <property name="apple.awt.application.name" value="ForkedBooter"/>
    <property name="surefire.real.class.path" value="/Users/oguzkaran/Documents/GitHub/Android-Aug-2024/src/Libraries/Kotlin-Java/KTestDataProcessingLib/target/surefire/surefirebooter-20250104112343016_3.jar"/>
    <property name="sun.management.compiler" value="HotSpot 64-Bit Tiered Compilers"/>
    <property name="ftp.nonProxyHosts" value="local|*.local|169.254/16|*.169.254/16"/>
    <property name="java.runtime.version" value="23.0.1"/>
    <property name="user.name" value="oguzkaran"/>
    <property name="stdout.encoding" value="UTF-8"/>
    <property name="path.separator" value=":"/>
    <property name="os.version" value="15.2"/>
    <property name="java.runtime.name" value="OpenJDK Runtime Environment"/>
    <property name="file.encoding" value="UTF-8"/>
    <property name="java.vm.name" value="OpenJDK 64-Bit Server VM"/>
    <property name="java.vendor.version" value="Homebrew"/>
    <property name="localRepository" value="/Users/oguzkaran/.m2/repository"/>
    <property name="java.vendor.url.bug" value="https://github.com/Homebrew/homebrew-core/issues"/>
    <property name="java.io.tmpdir" value="/var/folders/qn/9d3c_q6d2f52s192b67jkx6w0000gn/T/"/>
    <property name="java.version" value="23.0.1"/>
    <property name="user.dir" value="/Users/oguzkaran/Documents/GitHub/Android-Aug-2024/src/Libraries/Kotlin-Java/KTestDataProcessingLib"/>
    <property name="os.arch" value="aarch64"/>
    <property name="java.vm.specification.name" value="Java Virtual Machine Specification"/>
    <property name="native.encoding" value="UTF-8"/>
    <property name="java.library.path" value="/Users/oguzkaran/Library/Java/Extensions:/Library/Java/Extensions:/Network/Library/Java/Extensions:/System/Library/Java/Extensions:/usr/lib/java:."/>
    <property name="java.vm.info" value="mixed mode, sharing"/>
    <property name="stderr.encoding" value="UTF-8"/>
    <property name="java.vendor" value="Homebrew"/>
    <property name="java.vm.version" value="23.0.1"/>
    <property name="sun.io.unicode.encoding" value="UnicodeBig"/>
    <property name="socksNonProxyHosts" value="local|*.local|169.254/16|*.169.254/16"/>
    <property name="java.class.version" value="67.0"/>
  </properties>
  <testcase name="org.csystem.SampleTest.test()" classname="org.csystem.SampleTest" time="0.0"/>
</testsuite>