<?xml version="1.0" encoding="UTF-8"?>
<testsuite xmlns:xsi="http://www.w3.org/2001/XMLSchema-instance" xsi:noNamespaceSchemaLocation="https://maven.apache.org/surefire/maven-surefire-plugin/xsd/surefire-test-report.xsd" version="3.0.2" name="org.csystem.image.OpenCVUtilIsBinaryTest" time="0.004" tests="2" errors="0" skipped="2" failures="0">
  <properties/>
  <testcase name="givenPath_whenImage_ThenReturnsFalse" classname="org.csystem.image.OpenCVUtilIsBinaryTest" time="0.0">
    <skipped message="class org.csystem.image.OpenCVUtilIsBinaryTest is @Disabled"/>
  </testcase>
  <testcase name="givenPath_whenImage_ThenReturnsTrue" classname="org.csystem.image.OpenCVUtilIsBinaryTest" time="0.0">
    <skipped message="class org.csystem.image.OpenCVUtilIsBinaryTest is @Disabled"/>
  </testcase>
</testsuite>