<?xml version="1.0" encoding="UTF-8"?>
<testsuite xmlns:xsi="http://www.w3.org/2001/XMLSchema-instance" xsi:noNamespaceSchemaLocation="https://maven.apache.org/surefire/maven-surefire-plugin/xsd/surefire-test-report-3.0.xsd" version="3.0" name="org.csystem.kotlin.util.StringUtilRandomTextTRTest" time="0.013" tests="100" errors="0" skipped="100" failures="0">
  <properties>
    <property name="java.specification.version" value="23"/>
    <property name="sun.jnu.encoding" value="UTF-8"/>
    <property name="java.class.path" value="/Users/oguzkaran/Documents/GitHub/Android-Aug-2024/src/Libraries/Kotlin-Java/KUtilLib/target/test-classes:/Users/oguzkaran/Documents/GitHub/Android-Aug-2024/src/Libraries/Kotlin-Java/KUtilLib/target/classes:/Users/oguzkaran/.m2/repository/org/projectlombok/lombok/1.18.34/lombok-1.18.34.jar:/Users/oguzkaran/.m2/repository/org/jetbrains/kotlin/kotlin-stdlib-jdk8/2.0.20/kotlin-stdlib-jdk8-2.0.20.jar:/Users/oguzkaran/.m2/repository/org/jetbrains/kotlin/kotlin-stdlib/2.0.20/kotlin-stdlib-2.0.20.jar:/Users/oguzkaran/.m2/repository/org/jetbrains/annotations/13.0/annotations-13.0.jar:/Users/oguzkaran/.m2/repository/org/jetbrains/kotlin/kotlin-stdlib-jdk7/2.0.20/kotlin-stdlib-jdk7-2.0.20.jar:/Users/oguzkaran/.m2/repository/org/jetbrains/kotlin/kotlin-test-junit/2.0.20/kotlin-test-junit-2.0.20.jar:/Users/oguzkaran/.m2/repository/org/jetbrains/kotlin/kotlin-test/2.0.20/kotlin-test-2.0.20.jar:/Users/oguzkaran/.m2/repository/junit/junit/4.13.2/junit-4.13.2.jar:/Users/oguzkaran/.m2/repository/org/hamcrest/hamcrest-core/2.2/hamcrest-core-2.2.jar:/Users/oguzkaran/.m2/repository/org/hamcrest/hamcrest/2.2/hamcrest-2.2.jar:"/>
    <property name="java.vm.vendor" value="Homebrew"/>
    <property name="sun.arch.data.model" value="64"/>
    <property name="java.vendor.url" value="https://github.com/Homebrew/homebrew-core/issues"/>
    <property name="os.name" value="Mac OS X"/>
    <property name="java.vm.specification.version" value="23"/>
    <property name="sun.java.launcher" value="SUN_STANDARD"/>
    <property name="user.country" value="TR"/>
    <property name="sun.boot.library.path" value="/opt/homebrew/Cellar/openjdk/23.0.2/libexec/openjdk.jdk/Contents/Home/lib"/>
    <property name="sun.java.command" value="/Users/oguzkaran/Documents/GitHub/Android-Aug-2024/src/Libraries/Kotlin-Java/KUtilLib/target/surefire/surefirebooter-20250222113030786_3.jar /Users/oguzkaran/Documents/GitHub/Android-Aug-2024/src/Libraries/Kotlin-Java/KUtilLib/target/surefire 2025-02-22T11-30-30_757-jvmRun1 surefire-20250222113030786_1tmp surefire_0-20250222113030786_2tmp"/>
    <property name="http.nonProxyHosts" value="local|*.local|169.254/16|*.169.254/16"/>
    <property name="jdk.debug" value="release"/>
    <property name="surefire.test.class.path" value="/Users/oguzkaran/Documents/GitHub/Android-Aug-2024/src/Libraries/Kotlin-Java/KUtilLib/target/test-classes:/Users/oguzkaran/Documents/GitHub/Android-Aug-2024/src/Libraries/Kotlin-Java/KUtilLib/target/classes:/Users/oguzkaran/.m2/repository/org/projectlombok/lombok/1.18.34/lombok-1.18.34.jar:/Users/oguzkaran/.m2/repository/org/jetbrains/kotlin/kotlin-stdlib-jdk8/2.0.20/kotlin-stdlib-jdk8-2.0.20.jar:/Users/oguzkaran/.m2/repository/org/jetbrains/kotlin/kotlin-stdlib/2.0.20/kotlin-stdlib-2.0.20.jar:/Users/oguzkaran/.m2/repository/org/jetbrains/annotations/13.0/annotations-13.0.jar:/Users/oguzkaran/.m2/repository/org/jetbrains/kotlin/kotlin-stdlib-jdk7/2.0.20/kotlin-stdlib-jdk7-2.0.20.jar:/Users/oguzkaran/.m2/repository/org/jetbrains/kotlin/kotlin-test-junit/2.0.20/kotlin-test-junit-2.0.20.jar:/Users/oguzkaran/.m2/repository/org/jetbrains/kotlin/kotlin-test/2.0.20/kotlin-test-2.0.20.jar:/Users/oguzkaran/.m2/repository/junit/junit/4.13.2/junit-4.13.2.jar:/Users/oguzkaran/.m2/repository/org/hamcrest/hamcrest-core/2.2/hamcrest-core-2.2.jar:/Users/oguzkaran/.m2/repository/org/hamcrest/hamcrest/2.2/hamcrest-2.2.jar:"/>
    <property name="sun.cpu.endian" value="little"/>
    <property name="user.home" value="/Users/oguzkaran"/>
    <property name="user.language" value="en"/>
    <property name="java.specification.vendor" value="Oracle Corporation"/>
    <property name="java.version.date" value="2025-01-21"/>
    <property name="java.home" value="/opt/homebrew/Cellar/openjdk/23.0.2/libexec/openjdk.jdk/Contents/Home"/>
    <property name="file.separator" value="/"/>
    <property name="basedir" value="/Users/oguzkaran/Documents/GitHub/Android-Aug-2024/src/Libraries/Kotlin-Java/KUtilLib"/>
    <property name="java.vm.compressedOopsMode" value="Zero based"/>
    <property name="line.separator" value="&#10;"/>
    <property name="java.vm.specification.vendor" value="Oracle Corporation"/>
    <property name="java.specification.name" value="Java Platform API Specification"/>
    <property name="apple.awt.application.name" value="ForkedBooter"/>
    <property name="surefire.real.class.path" value="/Users/oguzkaran/Documents/GitHub/Android-Aug-2024/src/Libraries/Kotlin-Java/KUtilLib/target/surefire/surefirebooter-20250222113030786_3.jar"/>
    <property name="sun.management.compiler" value="HotSpot 64-Bit Tiered Compilers"/>
    <property name="ftp.nonProxyHosts" value="local|*.local|169.254/16|*.169.254/16"/>
    <property name="java.runtime.version" value="23.0.2"/>
    <property name="user.name" value="oguzkaran"/>
    <property name="stdout.encoding" value="UTF-8"/>
    <property name="path.separator" value=":"/>
    <property name="os.version" value="15.3.1"/>
    <property name="java.runtime.name" value="OpenJDK Runtime Environment"/>
    <property name="file.encoding" value="UTF-8"/>
    <property name="java.vm.name" value="OpenJDK 64-Bit Server VM"/>
    <property name="java.vendor.version" value="Homebrew"/>
    <property name="localRepository" value="/Users/oguzkaran/.m2/repository"/>
    <property name="java.vendor.url.bug" value="https://github.com/Homebrew/homebrew-core/issues"/>
    <property name="java.io.tmpdir" value="/var/folders/qn/9d3c_q6d2f52s192b67jkx6w0000gn/T/"/>
    <property name="java.version" value="23.0.2"/>
    <property name="user.dir" value="/Users/oguzkaran/Documents/GitHub/Android-Aug-2024/src/Libraries/Kotlin-Java/KUtilLib"/>
    <property name="os.arch" value="aarch64"/>
    <property name="java.vm.specification.name" value="Java Virtual Machine Specification"/>
    <property name="native.encoding" value="UTF-8"/>
    <property name="java.library.path" value="/Users/oguzkaran/Library/Java/Extensions:/Library/Java/Extensions:/Network/Library/Java/Extensions:/System/Library/Java/Extensions:/usr/lib/java:."/>
    <property name="java.vm.info" value="mixed mode, sharing"/>
    <property name="stderr.encoding" value="UTF-8"/>
    <property name="java.vendor" value="Homebrew"/>
    <property name="java.vm.version" value="23.0.2"/>
    <property name="sun.io.unicode.encoding" value="UnicodeBig"/>
    <property name="socksNonProxyHosts" value="local|*.local|169.254/16|*.169.254/16"/>
    <property name="java.class.version" value="67.0"/>
  </properties>
  <testcase name="givenValue_whenCount_thenReturnsRandomTurkishText[0]" classname="org.csystem.kotlin.util.StringUtilRandomTextTRTest" time="0.0">
    <skipped message="checkText not yet implemented"/>
  </testcase>
  <testcase name="givenValue_whenCount_thenReturnsRandomTurkishText[1]" classname="org.csystem.kotlin.util.StringUtilRandomTextTRTest" time="0.0">
    <skipped message="checkText not yet implemented"/>
  </testcase>
  <testcase name="givenValue_whenCount_thenReturnsRandomTurkishText[2]" classname="org.csystem.kotlin.util.StringUtilRandomTextTRTest" time="0.0">
    <skipped message="checkText not yet implemented"/>
  </testcase>
  <testcase name="givenValue_whenCount_thenReturnsRandomTurkishText[3]" classname="org.csystem.kotlin.util.StringUtilRandomTextTRTest" time="0.0">
    <skipped message="checkText not yet implemented"/>
  </testcase>
  <testcase name="givenValue_whenCount_thenReturnsRandomTurkishText[4]" classname="org.csystem.kotlin.util.StringUtilRandomTextTRTest" time="0.0">
    <skipped message="checkText not yet implemented"/>
  </testcase>
  <testcase name="givenValue_whenCount_thenReturnsRandomTurkishText[5]" classname="org.csystem.kotlin.util.StringUtilRandomTextTRTest" time="0.0">
    <skipped message="checkText not yet implemented"/>
  </testcase>
  <testcase name="givenValue_whenCount_thenReturnsRandomTurkishText[6]" classname="org.csystem.kotlin.util.StringUtilRandomTextTRTest" time="0.0">
    <skipped message="checkText not yet implemented"/>
  </testcase>
  <testcase name="givenValue_whenCount_thenReturnsRandomTurkishText[7]" classname="org.csystem.kotlin.util.StringUtilRandomTextTRTest" time="0.0">
    <skipped message="checkText not yet implemented"/>
  </testcase>
  <testcase name="givenValue_whenCount_thenReturnsRandomTurkishText[8]" classname="org.csystem.kotlin.util.StringUtilRandomTextTRTest" time="0.0">
    <skipped message="checkText not yet implemented"/>
  </testcase>
  <testcase name="givenValue_whenCount_thenReturnsRandomTurkishText[9]" classname="org.csystem.kotlin.util.StringUtilRandomTextTRTest" time="0.0">
    <skipped message="checkText not yet implemented"/>
  </testcase>
  <testcase name="givenValue_whenCount_thenReturnsRandomTurkishText[10]" classname="org.csystem.kotlin.util.StringUtilRandomTextTRTest" time="0.0">
    <skipped message="checkText not yet implemented"/>
  </testcase>
  <testcase name="givenValue_whenCount_thenReturnsRandomTurkishText[11]" classname="org.csystem.kotlin.util.StringUtilRandomTextTRTest" time="0.0">
    <skipped message="checkText not yet implemented"/>
  </testcase>
  <testcase name="givenValue_whenCount_thenReturnsRandomTurkishText[12]" classname="org.csystem.kotlin.util.StringUtilRandomTextTRTest" time="0.0">
    <skipped message="checkText not yet implemented"/>
  </testcase>
  <testcase name="givenValue_whenCount_thenReturnsRandomTurkishText[13]" classname="org.csystem.kotlin.util.StringUtilRandomTextTRTest" time="0.0">
    <skipped message="checkText not yet implemented"/>
  </testcase>
  <testcase name="givenValue_whenCount_thenReturnsRandomTurkishText[14]" classname="org.csystem.kotlin.util.StringUtilRandomTextTRTest" time="0.0">
    <skipped message="checkText not yet implemented"/>
  </testcase>
  <testcase name="givenValue_whenCount_thenReturnsRandomTurkishText[15]" classname="org.csystem.kotlin.util.StringUtilRandomTextTRTest" time="0.0">
    <skipped message="checkText not yet implemented"/>
  </testcase>
  <testcase name="givenValue_whenCount_thenReturnsRandomTurkishText[16]" classname="org.csystem.kotlin.util.StringUtilRandomTextTRTest" time="0.0">
    <skipped message="checkText not yet implemented"/>
  </testcase>
  <testcase name="givenValue_whenCount_thenReturnsRandomTurkishText[17]" classname="org.csystem.kotlin.util.StringUtilRandomTextTRTest" time="0.0">
    <skipped message="checkText not yet implemented"/>
  </testcase>
  <testcase name="givenValue_whenCount_thenReturnsRandomTurkishText[18]" classname="org.csystem.kotlin.util.StringUtilRandomTextTRTest" time="0.0">
    <skipped message="checkText not yet implemented"/>
  </testcase>
  <testcase name="givenValue_whenCount_thenReturnsRandomTurkishText[19]" classname="org.csystem.kotlin.util.StringUtilRandomTextTRTest" time="0.0">
    <skipped message="checkText not yet implemented"/>
  </testcase>
  <testcase name="givenValue_whenCount_thenReturnsRandomTurkishText[20]" classname="org.csystem.kotlin.util.StringUtilRandomTextTRTest" time="0.0">
    <skipped message="checkText not yet implemented"/>
  </testcase>
  <testcase name="givenValue_whenCount_thenReturnsRandomTurkishText[21]" classname="org.csystem.kotlin.util.StringUtilRandomTextTRTest" time="0.0">
    <skipped message="checkText not yet implemented"/>
  </testcase>
  <testcase name="givenValue_whenCount_thenReturnsRandomTurkishText[22]" classname="org.csystem.kotlin.util.StringUtilRandomTextTRTest" time="0.0">
    <skipped message="checkText not yet implemented"/>
  </testcase>
  <testcase name="givenValue_whenCount_thenReturnsRandomTurkishText[23]" classname="org.csystem.kotlin.util.StringUtilRandomTextTRTest" time="0.0">
    <skipped message="checkText not yet implemented"/>
  </testcase>
  <testcase name="givenValue_whenCount_thenReturnsRandomTurkishText[24]" classname="org.csystem.kotlin.util.StringUtilRandomTextTRTest" time="0.0">
    <skipped message="checkText not yet implemented"/>
  </testcase>
  <testcase name="givenValue_whenCount_thenReturnsRandomTurkishText[25]" classname="org.csystem.kotlin.util.StringUtilRandomTextTRTest" time="0.0">
    <skipped message="checkText not yet implemented"/>
  </testcase>
  <testcase name="givenValue_whenCount_thenReturnsRandomTurkishText[26]" classname="org.csystem.kotlin.util.StringUtilRandomTextTRTest" time="0.0">
    <skipped message="checkText not yet implemented"/>
  </testcase>
  <testcase name="givenValue_whenCount_thenReturnsRandomTurkishText[27]" classname="org.csystem.kotlin.util.StringUtilRandomTextTRTest" time="0.0">
    <skipped message="checkText not yet implemented"/>
  </testcase>
  <testcase name="givenValue_whenCount_thenReturnsRandomTurkishText[28]" classname="org.csystem.kotlin.util.StringUtilRandomTextTRTest" time="0.0">
    <skipped message="checkText not yet implemented"/>
  </testcase>
  <testcase name="givenValue_whenCount_thenReturnsRandomTurkishText[29]" classname="org.csystem.kotlin.util.StringUtilRandomTextTRTest" time="0.0">
    <skipped message="checkText not yet implemented"/>
  </testcase>
  <testcase name="givenValue_whenCount_thenReturnsRandomTurkishText[30]" classname="org.csystem.kotlin.util.StringUtilRandomTextTRTest" time="0.0">
    <skipped message="checkText not yet implemented"/>
  </testcase>
  <testcase name="givenValue_whenCount_thenReturnsRandomTurkishText[31]" classname="org.csystem.kotlin.util.StringUtilRandomTextTRTest" time="0.0">
    <skipped message="checkText not yet implemented"/>
  </testcase>
  <testcase name="givenValue_whenCount_thenReturnsRandomTurkishText[32]" classname="org.csystem.kotlin.util.StringUtilRandomTextTRTest" time="0.0">
    <skipped message="checkText not yet implemented"/>
  </testcase>
  <testcase name="givenValue_whenCount_thenReturnsRandomTurkishText[33]" classname="org.csystem.kotlin.util.StringUtilRandomTextTRTest" time="0.0">
    <skipped message="checkText not yet implemented"/>
  </testcase>
  <testcase name="givenValue_whenCount_thenReturnsRandomTurkishText[34]" classname="org.csystem.kotlin.util.StringUtilRandomTextTRTest" time="0.0">
    <skipped message="checkText not yet implemented"/>
  </testcase>
  <testcase name="givenValue_whenCount_thenReturnsRandomTurkishText[35]" classname="org.csystem.kotlin.util.StringUtilRandomTextTRTest" time="0.0">
    <skipped message="checkText not yet implemented"/>
  </testcase>
  <testcase name="givenValue_whenCount_thenReturnsRandomTurkishText[36]" classname="org.csystem.kotlin.util.StringUtilRandomTextTRTest" time="0.0">
    <skipped message="checkText not yet implemented"/>
  </testcase>
  <testcase name="givenValue_whenCount_thenReturnsRandomTurkishText[37]" classname="org.csystem.kotlin.util.StringUtilRandomTextTRTest" time="0.0">
    <skipped message="checkText not yet implemented"/>
  </testcase>
  <testcase name="givenValue_whenCount_thenReturnsRandomTurkishText[38]" classname="org.csystem.kotlin.util.StringUtilRandomTextTRTest" time="0.0">
    <skipped message="checkText not yet implemented"/>
  </testcase>
  <testcase name="givenValue_whenCount_thenReturnsRandomTurkishText[39]" classname="org.csystem.kotlin.util.StringUtilRandomTextTRTest" time="0.0">
    <skipped message="checkText not yet implemented"/>
  </testcase>
  <testcase name="givenValue_whenCount_thenReturnsRandomTurkishText[40]" classname="org.csystem.kotlin.util.StringUtilRandomTextTRTest" time="0.0">
    <skipped message="checkText not yet implemented"/>
  </testcase>
  <testcase name="givenValue_whenCount_thenReturnsRandomTurkishText[41]" classname="org.csystem.kotlin.util.StringUtilRandomTextTRTest" time="0.0">
    <skipped message="checkText not yet implemented"/>
  </testcase>
  <testcase name="givenValue_whenCount_thenReturnsRandomTurkishText[42]" classname="org.csystem.kotlin.util.StringUtilRandomTextTRTest" time="0.0">
    <skipped message="checkText not yet implemented"/>
  </testcase>
  <testcase name="givenValue_whenCount_thenReturnsRandomTurkishText[43]" classname="org.csystem.kotlin.util.StringUtilRandomTextTRTest" time="0.0">
    <skipped message="checkText not yet implemented"/>
  </testcase>
  <testcase name="givenValue_whenCount_thenReturnsRandomTurkishText[44]" classname="org.csystem.kotlin.util.StringUtilRandomTextTRTest" time="0.0">
    <skipped message="checkText not yet implemented"/>
  </testcase>
  <testcase name="givenValue_whenCount_thenReturnsRandomTurkishText[45]" classname="org.csystem.kotlin.util.StringUtilRandomTextTRTest" time="0.0">
    <skipped message="checkText not yet implemented"/>
  </testcase>
  <testcase name="givenValue_whenCount_thenReturnsRandomTurkishText[46]" classname="org.csystem.kotlin.util.StringUtilRandomTextTRTest" time="0.0">
    <skipped message="checkText not yet implemented"/>
  </testcase>
  <testcase name="givenValue_whenCount_thenReturnsRandomTurkishText[47]" classname="org.csystem.kotlin.util.StringUtilRandomTextTRTest" time="0.0">
    <skipped message="checkText not yet implemented"/>
  </testcase>
  <testcase name="givenValue_whenCount_thenReturnsRandomTurkishText[48]" classname="org.csystem.kotlin.util.StringUtilRandomTextTRTest" time="0.0">
    <skipped message="checkText not yet implemented"/>
  </testcase>
  <testcase name="givenValue_whenCount_thenReturnsRandomTurkishText[49]" classname="org.csystem.kotlin.util.StringUtilRandomTextTRTest" time="0.0">
    <skipped message="checkText not yet implemented"/>
  </testcase>
  <testcase name="givenValue_whenCount_thenReturnsRandomTurkishText[50]" classname="org.csystem.kotlin.util.StringUtilRandomTextTRTest" time="0.0">
    <skipped message="checkText not yet implemented"/>
  </testcase>
  <testcase name="givenValue_whenCount_thenReturnsRandomTurkishText[51]" classname="org.csystem.kotlin.util.StringUtilRandomTextTRTest" time="0.0">
    <skipped message="checkText not yet implemented"/>
  </testcase>
  <testcase name="givenValue_whenCount_thenReturnsRandomTurkishText[52]" classname="org.csystem.kotlin.util.StringUtilRandomTextTRTest" time="0.0">
    <skipped message="checkText not yet implemented"/>
  </testcase>
  <testcase name="givenValue_whenCount_thenReturnsRandomTurkishText[53]" classname="org.csystem.kotlin.util.StringUtilRandomTextTRTest" time="0.0">
    <skipped message="checkText not yet implemented"/>
  </testcase>
  <testcase name="givenValue_whenCount_thenReturnsRandomTurkishText[54]" classname="org.csystem.kotlin.util.StringUtilRandomTextTRTest" time="0.0">
    <skipped message="checkText not yet implemented"/>
  </testcase>
  <testcase name="givenValue_whenCount_thenReturnsRandomTurkishText[55]" classname="org.csystem.kotlin.util.StringUtilRandomTextTRTest" time="0.0">
    <skipped message="checkText not yet implemented"/>
  </testcase>
  <testcase name="givenValue_whenCount_thenReturnsRandomTurkishText[56]" classname="org.csystem.kotlin.util.StringUtilRandomTextTRTest" time="0.0">
    <skipped message="checkText not yet implemented"/>
  </testcase>
  <testcase name="givenValue_whenCount_thenReturnsRandomTurkishText[57]" classname="org.csystem.kotlin.util.StringUtilRandomTextTRTest" time="0.0">
    <skipped message="checkText not yet implemented"/>
  </testcase>
  <testcase name="givenValue_whenCount_thenReturnsRandomTurkishText[58]" classname="org.csystem.kotlin.util.StringUtilRandomTextTRTest" time="0.0">
    <skipped message="checkText not yet implemented"/>
  </testcase>
  <testcase name="givenValue_whenCount_thenReturnsRandomTurkishText[59]" classname="org.csystem.kotlin.util.StringUtilRandomTextTRTest" time="0.0">
    <skipped message="checkText not yet implemented"/>
  </testcase>
  <testcase name="givenValue_whenCount_thenReturnsRandomTurkishText[60]" classname="org.csystem.kotlin.util.StringUtilRandomTextTRTest" time="0.0">
    <skipped message="checkText not yet implemented"/>
  </testcase>
  <testcase name="givenValue_whenCount_thenReturnsRandomTurkishText[61]" classname="org.csystem.kotlin.util.StringUtilRandomTextTRTest" time="0.0">
    <skipped message="checkText not yet implemented"/>
  </testcase>
  <testcase name="givenValue_whenCount_thenReturnsRandomTurkishText[62]" classname="org.csystem.kotlin.util.StringUtilRandomTextTRTest" time="0.0">
    <skipped message="checkText not yet implemented"/>
  </testcase>
  <testcase name="givenValue_whenCount_thenReturnsRandomTurkishText[63]" classname="org.csystem.kotlin.util.StringUtilRandomTextTRTest" time="0.0">
    <skipped message="checkText not yet implemented"/>
  </testcase>
  <testcase name="givenValue_whenCount_thenReturnsRandomTurkishText[64]" classname="org.csystem.kotlin.util.StringUtilRandomTextTRTest" time="0.0">
    <skipped message="checkText not yet implemented"/>
  </testcase>
  <testcase name="givenValue_whenCount_thenReturnsRandomTurkishText[65]" classname="org.csystem.kotlin.util.StringUtilRandomTextTRTest" time="0.0">
    <skipped message="checkText not yet implemented"/>
  </testcase>
  <testcase name="givenValue_whenCount_thenReturnsRandomTurkishText[66]" classname="org.csystem.kotlin.util.StringUtilRandomTextTRTest" time="0.0">
    <skipped message="checkText not yet implemented"/>
  </testcase>
  <testcase name="givenValue_whenCount_thenReturnsRandomTurkishText[67]" classname="org.csystem.kotlin.util.StringUtilRandomTextTRTest" time="0.0">
    <skipped message="checkText not yet implemented"/>
  </testcase>
  <testcase name="givenValue_whenCount_thenReturnsRandomTurkishText[68]" classname="org.csystem.kotlin.util.StringUtilRandomTextTRTest" time="0.0">
    <skipped message="checkText not yet implemented"/>
  </testcase>
  <testcase name="givenValue_whenCount_thenReturnsRandomTurkishText[69]" classname="org.csystem.kotlin.util.StringUtilRandomTextTRTest" time="0.0">
    <skipped message="checkText not yet implemented"/>
  </testcase>
  <testcase name="givenValue_whenCount_thenReturnsRandomTurkishText[70]" classname="org.csystem.kotlin.util.StringUtilRandomTextTRTest" time="0.0">
    <skipped message="checkText not yet implemented"/>
  </testcase>
  <testcase name="givenValue_whenCount_thenReturnsRandomTurkishText[71]" classname="org.csystem.kotlin.util.StringUtilRandomTextTRTest" time="0.0">
    <skipped message="checkText not yet implemented"/>
  </testcase>
  <testcase name="givenValue_whenCount_thenReturnsRandomTurkishText[72]" classname="org.csystem.kotlin.util.StringUtilRandomTextTRTest" time="0.0">
    <skipped message="checkText not yet implemented"/>
  </testcase>
  <testcase name="givenValue_whenCount_thenReturnsRandomTurkishText[73]" classname="org.csystem.kotlin.util.StringUtilRandomTextTRTest" time="0.0">
    <skipped message="checkText not yet implemented"/>
  </testcase>
  <testcase name="givenValue_whenCount_thenReturnsRandomTurkishText[74]" classname="org.csystem.kotlin.util.StringUtilRandomTextTRTest" time="0.0">
    <skipped message="checkText not yet implemented"/>
  </testcase>
  <testcase name="givenValue_whenCount_thenReturnsRandomTurkishText[75]" classname="org.csystem.kotlin.util.StringUtilRandomTextTRTest" time="0.0">
    <skipped message="checkText not yet implemented"/>
  </testcase>
  <testcase name="givenValue_whenCount_thenReturnsRandomTurkishText[76]" classname="org.csystem.kotlin.util.StringUtilRandomTextTRTest" time="0.0">
    <skipped message="checkText not yet implemented"/>
  </testcase>
  <testcase name="givenValue_whenCount_thenReturnsRandomTurkishText[77]" classname="org.csystem.kotlin.util.StringUtilRandomTextTRTest" time="0.0">
    <skipped message="checkText not yet implemented"/>
  </testcase>
  <testcase name="givenValue_whenCount_thenReturnsRandomTurkishText[78]" classname="org.csystem.kotlin.util.StringUtilRandomTextTRTest" time="0.0">
    <skipped message="checkText not yet implemented"/>
  </testcase>
  <testcase name="givenValue_whenCount_thenReturnsRandomTurkishText[79]" classname="org.csystem.kotlin.util.StringUtilRandomTextTRTest" time="0.0">
    <skipped message="checkText not yet implemented"/>
  </testcase>
  <testcase name="givenValue_whenCount_thenReturnsRandomTurkishText[80]" classname="org.csystem.kotlin.util.StringUtilRandomTextTRTest" time="0.0">
    <skipped message="checkText not yet implemented"/>
  </testcase>
  <testcase name="givenValue_whenCount_thenReturnsRandomTurkishText[81]" classname="org.csystem.kotlin.util.StringUtilRandomTextTRTest" time="0.0">
    <skipped message="checkText not yet implemented"/>
  </testcase>
  <testcase name="givenValue_whenCount_thenReturnsRandomTurkishText[82]" classname="org.csystem.kotlin.util.StringUtilRandomTextTRTest" time="0.0">
    <skipped message="checkText not yet implemented"/>
  </testcase>
  <testcase name="givenValue_whenCount_thenReturnsRandomTurkishText[83]" classname="org.csystem.kotlin.util.StringUtilRandomTextTRTest" time="0.0">
    <skipped message="checkText not yet implemented"/>
  </testcase>
  <testcase name="givenValue_whenCount_thenReturnsRandomTurkishText[84]" classname="org.csystem.kotlin.util.StringUtilRandomTextTRTest" time="0.0">
    <skipped message="checkText not yet implemented"/>
  </testcase>
  <testcase name="givenValue_whenCount_thenReturnsRandomTurkishText[85]" classname="org.csystem.kotlin.util.StringUtilRandomTextTRTest" time="0.0">
    <skipped message="checkText not yet implemented"/>
  </testcase>
  <testcase name="givenValue_whenCount_thenReturnsRandomTurkishText[86]" classname="org.csystem.kotlin.util.StringUtilRandomTextTRTest" time="0.0">
    <skipped message="checkText not yet implemented"/>
  </testcase>
  <testcase name="givenValue_whenCount_thenReturnsRandomTurkishText[87]" classname="org.csystem.kotlin.util.StringUtilRandomTextTRTest" time="0.0">
    <skipped message="checkText not yet implemented"/>
  </testcase>
  <testcase name="givenValue_whenCount_thenReturnsRandomTurkishText[88]" classname="org.csystem.kotlin.util.StringUtilRandomTextTRTest" time="0.0">
    <skipped message="checkText not yet implemented"/>
  </testcase>
  <testcase name="givenValue_whenCount_thenReturnsRandomTurkishText[89]" classname="org.csystem.kotlin.util.StringUtilRandomTextTRTest" time="0.0">
    <skipped message="checkText not yet implemented"/>
  </testcase>
  <testcase name="givenValue_whenCount_thenReturnsRandomTurkishText[90]" classname="org.csystem.kotlin.util.StringUtilRandomTextTRTest" time="0.0">
    <skipped message="checkText not yet implemented"/>
  </testcase>
  <testcase name="givenValue_whenCount_thenReturnsRandomTurkishText[91]" classname="org.csystem.kotlin.util.StringUtilRandomTextTRTest" time="0.0">
    <skipped message="checkText not yet implemented"/>
  </testcase>
  <testcase name="givenValue_whenCount_thenReturnsRandomTurkishText[92]" classname="org.csystem.kotlin.util.StringUtilRandomTextTRTest" time="0.0">
    <skipped message="checkText not yet implemented"/>
  </testcase>
  <testcase name="givenValue_whenCount_thenReturnsRandomTurkishText[93]" classname="org.csystem.kotlin.util.StringUtilRandomTextTRTest" time="0.0">
    <skipped message="checkText not yet implemented"/>
  </testcase>
  <testcase name="givenValue_whenCount_thenReturnsRandomTurkishText[94]" classname="org.csystem.kotlin.util.StringUtilRandomTextTRTest" time="0.0">
    <skipped message="checkText not yet implemented"/>
  </testcase>
  <testcase name="givenValue_whenCount_thenReturnsRandomTurkishText[95]" classname="org.csystem.kotlin.util.StringUtilRandomTextTRTest" time="0.0">
    <skipped message="checkText not yet implemented"/>
  </testcase>
  <testcase name="givenValue_whenCount_thenReturnsRandomTurkishText[96]" classname="org.csystem.kotlin.util.StringUtilRandomTextTRTest" time="0.0">
    <skipped message="checkText not yet implemented"/>
  </testcase>
  <testcase name="givenValue_whenCount_thenReturnsRandomTurkishText[97]" classname="org.csystem.kotlin.util.StringUtilRandomTextTRTest" time="0.0">
    <skipped message="checkText not yet implemented"/>
  </testcase>
  <testcase name="givenValue_whenCount_thenReturnsRandomTurkishText[98]" classname="org.csystem.kotlin.util.StringUtilRandomTextTRTest" time="0.0">
    <skipped message="checkText not yet implemented"/>
  </testcase>
  <testcase name="givenValue_whenCount_thenReturnsRandomTurkishText[99]" classname="org.csystem.kotlin.util.StringUtilRandomTextTRTest" time="0.0">
    <skipped message="checkText not yet implemented"/>
  </testcase>
</testsuite>