<?xml version="1.0" encoding="UTF-8"?>
<testsuite xmlns:xsi="http://www.w3.org/2001/XMLSchema-instance" xsi:noNamespaceSchemaLocation="https://maven.apache.org/surefire/maven-surefire-plugin/xsd/surefire-test-report-3.0.xsd" version="3.0" name="org.csystem.RepositoryExceptionTest" time="0.072" tests="1" errors="0" skipped="0" failures="0">
  <properties>
    <property name="java.specification.version" value="18"/>
    <property name="sun.jnu.encoding" value="UTF-8"/>
    <property name="java.class.path" value="/Users/oguzkaran/Dropbox/CSD/Kurslar/JavaApp1-Nov-2023/src/Libraries/CSDLibraries/DataUtilLib/target/test-classes:/Users/oguzkaran/Dropbox/CSD/Kurslar/JavaApp1-Nov-2023/src/Libraries/CSDLibraries/DataUtilLib/target/classes:/Users/oguzkaran/.m2/repository/org/projectlombok/lombok/1.18.32/lombok-1.18.32.jar:"/>
    <property name="java.vm.vendor" value="Homebrew"/>
    <property name="sun.arch.data.model" value="64"/>
    <property name="java.vendor.url" value="https://github.com/Homebrew/homebrew-core/issues"/>
    <property name="os.name" value="Mac OS X"/>
    <property name="java.vm.specification.version" value="18"/>
    <property name="sun.java.launcher" value="SUN_STANDARD"/>
    <property name="user.country" value="TR"/>
    <property name="sun.boot.library.path" value="/usr/local/Cellar/openjdk/18.0.1.1/libexec/openjdk.jdk/Contents/Home/lib"/>
    <property name="sun.java.command" value="/Users/oguzkaran/Dropbox/CSD/Kurslar/JavaApp1-Nov-2023/src/Libraries/CSDLibraries/DataUtilLib/target/surefire/surefirebooter-20240714132326617_3.jar /Users/oguzkaran/Dropbox/CSD/Kurslar/JavaApp1-Nov-2023/src/Libraries/CSDLibraries/DataUtilLib/target/surefire 2024-07-14T13-23-23_003-jvmRun1 surefire-20240714132326617_1tmp surefire_0-20240714132326617_2tmp"/>
    <property name="http.nonProxyHosts" value="local|*.local|169.254/16|*.169.254/16"/>
    <property name="jdk.debug" value="release"/>
    <property name="surefire.test.class.path" value="/Users/oguzkaran/Dropbox/CSD/Kurslar/JavaApp1-Nov-2023/src/Libraries/CSDLibraries/DataUtilLib/target/test-classes:/Users/oguzkaran/Dropbox/CSD/Kurslar/JavaApp1-Nov-2023/src/Libraries/CSDLibraries/DataUtilLib/target/classes:/Users/oguzkaran/.m2/repository/org/projectlombok/lombok/1.18.32/lombok-1.18.32.jar:"/>
    <property name="sun.cpu.endian" value="little"/>
    <property name="user.home" value="/Users/oguzkaran"/>
    <property name="user.language" value="en"/>
    <property name="java.specification.vendor" value="Oracle Corporation"/>
    <property name="java.version.date" value="2022-04-22"/>
    <property name="java.home" value="/usr/local/Cellar/openjdk/18.0.1.1/libexec/openjdk.jdk/Contents/Home"/>
    <property name="file.separator" value="/"/>
    <property name="basedir" value="/Users/oguzkaran/Dropbox/CSD/Kurslar/JavaApp1-Nov-2023/src/Libraries/CSDLibraries/DataUtilLib"/>
    <property name="java.vm.compressedOopsMode" value="Zero based"/>
    <property name="line.separator" value="&#10;"/>
    <property name="java.vm.specification.vendor" value="Oracle Corporation"/>
    <property name="java.specification.name" value="Java Platform API Specification"/>
    <property name="apple.awt.application.name" value="ForkedBooter"/>
    <property name="surefire.real.class.path" value="/Users/oguzkaran/Dropbox/CSD/Kurslar/JavaApp1-Nov-2023/src/Libraries/CSDLibraries/DataUtilLib/target/surefire/surefirebooter-20240714132326617_3.jar"/>
    <property name="sun.management.compiler" value="HotSpot 64-Bit Tiered Compilers"/>
    <property name="ftp.nonProxyHosts" value="local|*.local|169.254/16|*.169.254/16"/>
    <property name="java.runtime.version" value="18.0.1.1+0"/>
    <property name="user.name" value="oguzkaran"/>
    <property name="path.separator" value=":"/>
    <property name="os.version" value="14.5"/>
    <property name="java.runtime.name" value="OpenJDK Runtime Environment"/>
    <property name="file.encoding" value="UTF-8"/>
    <property name="java.vm.name" value="OpenJDK 64-Bit Server VM"/>
    <property name="java.vendor.version" value="Homebrew"/>
    <property name="localRepository" value="/Users/oguzkaran/.m2/repository"/>
    <property name="java.vendor.url.bug" value="https://github.com/Homebrew/homebrew-core/issues"/>
    <property name="java.io.tmpdir" value="/var/folders/ns/x9gjmh8n777cc2r1xzfvcdx80000gn/T/"/>
    <property name="java.version" value="18.0.1.1"/>
    <property name="user.dir" value="/Users/oguzkaran/Dropbox/CSD/Kurslar/JavaApp1-Nov-2023/src/Libraries/CSDLibraries/DataUtilLib"/>
    <property name="os.arch" value="x86_64"/>
    <property name="java.vm.specification.name" value="Java Virtual Machine Specification"/>
    <property name="native.encoding" value="UTF-8"/>
    <property name="java.library.path" value="/Users/oguzkaran/Library/Java/Extensions:/Library/Java/Extensions:/Network/Library/Java/Extensions:/System/Library/Java/Extensions:/usr/lib/java:."/>
    <property name="java.vm.info" value="mixed mode, sharing"/>
    <property name="java.vendor" value="Homebrew"/>
    <property name="java.vm.version" value="18.0.1.1+0"/>
    <property name="sun.io.unicode.encoding" value="UnicodeBig"/>
    <property name="socksNonProxyHosts" value="local|*.local|169.254/16|*.169.254/16"/>
    <property name="java.class.version" value="62.0"/>
  </properties>
  <testcase name="org.csystem.RepositoryExceptionTest.test()" classname="org.csystem.RepositoryExceptionTest" time="0.002"/>
</testsuite>